android-app/app/build/intermediates/manifest_merge_blame_file/debug/manifest-merger-blame-debug-report.txt
1<?xml version="1.0" encoding="utf-8"?>
2<manifest xmlns:android="http://schemas.android.com/apk/res/android"
3    package="com.lifttogether"
4    android:versionCode="1"
5    android:versionName="1.0" >
6
7    <uses-sdk
8        android:minSdkVersion="24"
9        android:targetSdkVersion="34" />
10
11    <!-- Permissions -->
12    <uses-permission android:name="android.permission.INTERNET" />
12-->src/main/AndroidManifest.xml:6:5-67
12-->src/main/AndroidManifest.xml:6:22-64
13    <uses-permission android:name="android.permission.ACCESS_FINE_LOCATION" />
13-->src/main/AndroidManifest.xml:7:5-79
13-->src/main/AndroidManifest.xml:7:22-76
14    <uses-permission android:name="android.permission.ACCESS_COARSE_LOCATION" />
14-->src/main/AndroidManifest.xml:8:5-81
14-->src/main/AndroidManifest.xml:8:22-78
15    <uses-permission android:name="android.permission.ACCESS_BACKGROUND_LOCATION" />
15-->src/main/AndroidManifest.xml:9:5-85
15-->src/main/AndroidManifest.xml:9:22-82
16    <uses-permission android:name="android.permission.CAMERA" />
16-->src/main/AndroidManifest.xml:10:5-65
16-->src/main/AndroidManifest.xml:10:22-62
17    <uses-permission android:name="android.permission.READ_EXTERNAL_STORAGE" />
17-->src/main/AndroidManifest.xml:11:5-80
17-->src/main/AndroidManifest.xml:11:22-77
18    <uses-permission android:name="android.permission.WRITE_EXTERNAL_STORAGE" />
18-->src/main/AndroidManifest.xml:12:5-81
18-->src/main/AndroidManifest.xml:12:22-78
19    <uses-permission android:name="android.permission.VIBRATE" />
19-->src/main/AndroidManifest.xml:13:5-66
19-->src/main/AndroidManifest.xml:13:22-63
20    <uses-permission android:name="android.permission.WAKE_LOCK" />
20-->src/main/AndroidManifest.xml:14:5-68
20-->src/main/AndroidManifest.xml:14:22-65
21    <uses-permission android:name="android.permission.ACCESS_NETWORK_STATE" />
21-->[com.google.firebase:firebase-auth:22.3.0] AndroidManifest.xml:26:5-79
21-->[com.google.firebase:firebase-auth:22.3.0] AndroidManifest.xml:26:22-76
22
23    <permission
23-->[androidx.core:core:1.12.0] AndroidManifest.xml:22:5-24:47
24        android:name="com.lifttogether.DYNAMIC_RECEIVER_NOT_EXPORTED_PERMISSION"
24-->[androidx.core:core:1.12.0] AndroidManifest.xml:23:9-81
25        android:protectionLevel="signature" />
25-->[androidx.core:core:1.12.0] AndroidManifest.xml:24:9-44
26
27    <uses-permission android:name="com.lifttogether.DYNAMIC_RECEIVER_NOT_EXPORTED_PERMISSION" />
27-->[androidx.core:core:1.12.0] AndroidManifest.xml:26:5-97
27-->[androidx.core:core:1.12.0] AndroidManifest.xml:26:22-94
28
29    <application
29-->src/main/AndroidManifest.xml:16:5-39:19
30        android:allowBackup="true"
30-->src/main/AndroidManifest.xml:17:9-35
31        android:appComponentFactory="androidx.core.app.CoreComponentFactory"
31-->[androidx.core:core:1.12.0] AndroidManifest.xml:28:18-86
32        android:debuggable="true"
33        android:extractNativeLibs="false"
34        android:label="@string/app_name"
34-->src/main/AndroidManifest.xml:18:9-41
35        android:supportsRtl="true"
35-->src/main/AndroidManifest.xml:19:9-35
36        android:theme="@style/Theme.LiftTogether" >
36-->src/main/AndroidManifest.xml:20:9-50
37
38        <!-- OpenStreetMap - No API key needed -->
39
40
41        <!-- Working Main Activity -->
42        <activity
42-->src/main/AndroidManifest.xml:26:17-35:28
43            android:name="com.lifttogether.WorkingMainActivity"
43-->src/main/AndroidManifest.xml:27:21-56
44            android:exported="true"
44-->src/main/AndroidManifest.xml:28:21-44
45            android:label="@string/app_name"
45-->src/main/AndroidManifest.xml:29:21-53
46            android:theme="@style/Theme.LiftTogether" >
46-->src/main/AndroidManifest.xml:30:21-62
47            <intent-filter>
47-->src/main/AndroidManifest.xml:31:21-34:37
48                <action android:name="android.intent.action.MAIN" />
48-->src/main/AndroidManifest.xml:32:25-77
48-->src/main/AndroidManifest.xml:32:33-74
49
50                <category android:name="android.intent.category.LAUNCHER" />
50-->src/main/AndroidManifest.xml:33:25-85
50-->src/main/AndroidManifest.xml:33:35-82
51            </intent-filter>
52        </activity>
53        <activity
53-->[androidx.compose.ui:ui-test-manifest:1.5.4] AndroidManifest.xml:23:9-25:39
54            android:name="androidx.activity.ComponentActivity"
54-->[androidx.compose.ui:ui-test-manifest:1.5.4] AndroidManifest.xml:24:13-63
55            android:exported="true" />
55-->[androidx.compose.ui:ui-test-manifest:1.5.4] AndroidManifest.xml:25:13-36
56        <activity
56-->[androidx.compose.ui:ui-tooling-android:1.5.4] AndroidManifest.xml:23:9-25:39
57            android:name="androidx.compose.ui.tooling.PreviewActivity"
57-->[androidx.compose.ui:ui-tooling-android:1.5.4] AndroidManifest.xml:24:13-71
58            android:exported="true" />
58-->[androidx.compose.ui:ui-tooling-android:1.5.4] AndroidManifest.xml:25:13-36
59
60        <service
60-->[com.google.firebase:firebase-auth-ktx:22.3.0] AndroidManifest.xml:8:9-14:19
61            android:name="com.google.firebase.components.ComponentDiscoveryService"
61-->[com.google.firebase:firebase-auth-ktx:22.3.0] AndroidManifest.xml:9:13-84
62            android:directBootAware="true"
62-->[com.google.firebase:firebase-common:20.4.2] AndroidManifest.xml:32:13-43
63            android:exported="false" >
63-->[com.google.firebase:firebase-auth-ktx:22.3.0] AndroidManifest.xml:10:13-37
64            <meta-data
64-->[com.google.firebase:firebase-auth-ktx:22.3.0] AndroidManifest.xml:11:13-13:85
65                android:name="com.google.firebase.components:com.google.firebase.auth.ktx.FirebaseAuthLegacyRegistrar"
65-->[com.google.firebase:firebase-auth-ktx:22.3.0] AndroidManifest.xml:12:17-119
66                android:value="com.google.firebase.components.ComponentRegistrar" />
66-->[com.google.firebase:firebase-auth-ktx:22.3.0] AndroidManifest.xml:13:17-82
67            <meta-data
67-->[com.google.firebase:firebase-auth:22.3.0] AndroidManifest.xml:69:13-71:85
68                android:name="com.google.firebase.components:com.google.firebase.auth.FirebaseAuthRegistrar"
68-->[com.google.firebase:firebase-auth:22.3.0] AndroidManifest.xml:70:17-109
69                android:value="com.google.firebase.components.ComponentRegistrar" />
69-->[com.google.firebase:firebase-auth:22.3.0] AndroidManifest.xml:71:17-82
70            <meta-data
70-->[com.google.firebase:firebase-common-ktx:20.4.2] AndroidManifest.xml:12:13-14:85
71                android:name="com.google.firebase.components:com.google.firebase.ktx.FirebaseCommonLegacyRegistrar"
71-->[com.google.firebase:firebase-common-ktx:20.4.2] AndroidManifest.xml:13:17-116
72                android:value="com.google.firebase.components.ComponentRegistrar" />
72-->[com.google.firebase:firebase-common-ktx:20.4.2] AndroidManifest.xml:14:17-82
73            <meta-data
73-->[com.google.firebase:firebase-common:20.4.2] AndroidManifest.xml:35:13-37:85
74                android:name="com.google.firebase.components:com.google.firebase.FirebaseCommonKtxRegistrar"
74-->[com.google.firebase:firebase-common:20.4.2] AndroidManifest.xml:36:17-109
75                android:value="com.google.firebase.components.ComponentRegistrar" />
75-->[com.google.firebase:firebase-common:20.4.2] AndroidManifest.xml:37:17-82
76        </service>
77
78        <activity
78-->[com.google.firebase:firebase-auth:22.3.0] AndroidManifest.xml:29:9-46:20
79            android:name="com.google.firebase.auth.internal.GenericIdpActivity"
79-->[com.google.firebase:firebase-auth:22.3.0] AndroidManifest.xml:30:13-80
80            android:excludeFromRecents="true"
80-->[com.google.firebase:firebase-auth:22.3.0] AndroidManifest.xml:31:13-46
81            android:exported="true"
81-->[com.google.firebase:firebase-auth:22.3.0] AndroidManifest.xml:32:13-36
82            android:launchMode="singleTask"
82-->[com.google.firebase:firebase-auth:22.3.0] AndroidManifest.xml:33:13-44
83            android:theme="@android:style/Theme.Translucent.NoTitleBar" >
83-->[com.google.firebase:firebase-auth:22.3.0] AndroidManifest.xml:34:13-72
84            <intent-filter>
84-->[com.google.firebase:firebase-auth:22.3.0] AndroidManifest.xml:35:13-45:29
85                <action android:name="android.intent.action.VIEW" />
85-->[com.google.firebase:firebase-auth:22.3.0] AndroidManifest.xml:36:17-69
85-->[com.google.firebase:firebase-auth:22.3.0] AndroidManifest.xml:36:25-66
86
87                <category android:name="android.intent.category.DEFAULT" />
87-->[com.google.firebase:firebase-auth:22.3.0] AndroidManifest.xml:38:17-76
87-->[com.google.firebase:firebase-auth:22.3.0] AndroidManifest.xml:38:27-73
88                <category android:name="android.intent.category.BROWSABLE" />
88-->[com.google.firebase:firebase-auth:22.3.0] AndroidManifest.xml:39:17-78
88-->[com.google.firebase:firebase-auth:22.3.0] AndroidManifest.xml:39:27-75
89
90                <data
90-->[com.google.firebase:firebase-auth:22.3.0] AndroidManifest.xml:41:17-44:51
91                    android:host="firebase.auth"
91-->[com.google.firebase:firebase-auth:22.3.0] AndroidManifest.xml:42:21-49
92                    android:path="/"
92-->[com.google.firebase:firebase-auth:22.3.0] AndroidManifest.xml:43:21-37
93                    android:scheme="genericidp" />
93-->[com.google.firebase:firebase-auth:22.3.0] AndroidManifest.xml:44:21-48
94            </intent-filter>
95        </activity>
96        <activity
96-->[com.google.firebase:firebase-auth:22.3.0] AndroidManifest.xml:47:9-64:20
97            android:name="com.google.firebase.auth.internal.RecaptchaActivity"
97-->[com.google.firebase:firebase-auth:22.3.0] AndroidManifest.xml:48:13-79
98            android:excludeFromRecents="true"
98-->[com.google.firebase:firebase-auth:22.3.0] AndroidManifest.xml:49:13-46
99            android:exported="true"
99-->[com.google.firebase:firebase-auth:22.3.0] AndroidManifest.xml:50:13-36
100            android:launchMode="singleTask"
100-->[com.google.firebase:firebase-auth:22.3.0] AndroidManifest.xml:51:13-44
101            android:theme="@android:style/Theme.Translucent.NoTitleBar" >
101-->[com.google.firebase:firebase-auth:22.3.0] AndroidManifest.xml:52:13-72
102            <intent-filter>
102-->[com.google.firebase:firebase-auth:22.3.0] AndroidManifest.xml:53:13-63:29
103                <action android:name="android.intent.action.VIEW" />
103-->[com.google.firebase:firebase-auth:22.3.0] AndroidManifest.xml:36:17-69
103-->[com.google.firebase:firebase-auth:22.3.0] AndroidManifest.xml:36:25-66
104
105                <category android:name="android.intent.category.DEFAULT" />
105-->[com.google.firebase:firebase-auth:22.3.0] AndroidManifest.xml:38:17-76
105-->[com.google.firebase:firebase-auth:22.3.0] AndroidManifest.xml:38:27-73
106                <category android:name="android.intent.category.BROWSABLE" />
106-->[com.google.firebase:firebase-auth:22.3.0] AndroidManifest.xml:39:17-78
106-->[com.google.firebase:firebase-auth:22.3.0] AndroidManifest.xml:39:27-75
107
108                <data
108-->[com.google.firebase:firebase-auth:22.3.0] AndroidManifest.xml:41:17-44:51
109                    android:host="firebase.auth"
109-->[com.google.firebase:firebase-auth:22.3.0] AndroidManifest.xml:42:21-49
110                    android:path="/"
110-->[com.google.firebase:firebase-auth:22.3.0] AndroidManifest.xml:43:21-37
111                    android:scheme="recaptcha" />
111-->[com.google.firebase:firebase-auth:22.3.0] AndroidManifest.xml:44:21-48
112            </intent-filter>
113        </activity>
114
115        <provider
115-->[com.google.firebase:firebase-common:20.4.2] AndroidManifest.xml:23:9-28:39
116            android:name="com.google.firebase.provider.FirebaseInitProvider"
116-->[com.google.firebase:firebase-common:20.4.2] AndroidManifest.xml:24:13-77
117            android:authorities="com.lifttogether.firebaseinitprovider"
117-->[com.google.firebase:firebase-common:20.4.2] AndroidManifest.xml:25:13-72
118            android:directBootAware="true"
118-->[com.google.firebase:firebase-common:20.4.2] AndroidManifest.xml:26:13-43
119            android:exported="false"
119-->[com.google.firebase:firebase-common:20.4.2] AndroidManifest.xml:27:13-37
120            android:initOrder="100" />
120-->[com.google.firebase:firebase-common:20.4.2] AndroidManifest.xml:28:13-36
121        <provider
121-->[androidx.emoji2:emoji2:1.4.0] AndroidManifest.xml:24:9-32:20
122            android:name="androidx.startup.InitializationProvider"
122-->[androidx.emoji2:emoji2:1.4.0] AndroidManifest.xml:25:13-67
123            android:authorities="com.lifttogether.androidx-startup"
123-->[androidx.emoji2:emoji2:1.4.0] AndroidManifest.xml:26:13-68
124            android:exported="false" >
124-->[androidx.emoji2:emoji2:1.4.0] AndroidManifest.xml:27:13-37
125            <meta-data
125-->[androidx.emoji2:emoji2:1.4.0] AndroidManifest.xml:29:13-31:52
126                android:name="androidx.emoji2.text.EmojiCompatInitializer"
126-->[androidx.emoji2:emoji2:1.4.0] AndroidManifest.xml:30:17-75
127                android:value="androidx.startup" />
127-->[androidx.emoji2:emoji2:1.4.0] AndroidManifest.xml:31:17-49
128            <meta-data
128-->[androidx.lifecycle:lifecycle-process:2.7.0] AndroidManifest.xml:29:13-31:52
129                android:name="androidx.lifecycle.ProcessLifecycleInitializer"
129-->[androidx.lifecycle:lifecycle-process:2.7.0] AndroidManifest.xml:30:17-78
130                android:value="androidx.startup" />
130-->[androidx.lifecycle:lifecycle-process:2.7.0] AndroidManifest.xml:31:17-49
131            <meta-data
131-->[androidx.profileinstaller:profileinstaller:1.3.0] AndroidManifest.xml:29:13-31:52
132                android:name="androidx.profileinstaller.ProfileInstallerInitializer"
132-->[androidx.profileinstaller:profileinstaller:1.3.0] AndroidManifest.xml:30:17-85
133                android:value="androidx.startup" />
133-->[androidx.profileinstaller:profileinstaller:1.3.0] AndroidManifest.xml:31:17-49
134        </provider>
135
136        <activity
136-->[com.google.android.gms:play-services-base:18.0.1] AndroidManifest.xml:20:9-22:45
137            android:name="com.google.android.gms.common.api.GoogleApiActivity"
137-->[com.google.android.gms:play-services-base:18.0.1] AndroidManifest.xml:20:19-85
138            android:exported="false"
138-->[com.google.android.gms:play-services-base:18.0.1] AndroidManifest.xml:22:19-43
139            android:theme="@android:style/Theme.Translucent.NoTitleBar" />
139-->[com.google.android.gms:play-services-base:18.0.1] AndroidManifest.xml:21:19-78
140
141        <meta-data
141-->[com.google.android.gms:play-services-basement:18.1.0] AndroidManifest.xml:21:9-23:69
142            android:name="com.google.android.gms.version"
142-->[com.google.android.gms:play-services-basement:18.1.0] AndroidManifest.xml:22:13-58
143            android:value="@integer/google_play_services_version" />
143-->[com.google.android.gms:play-services-basement:18.1.0] AndroidManifest.xml:23:13-66
144
145        <receiver
145-->[androidx.profileinstaller:profileinstaller:1.3.0] AndroidManifest.xml:34:9-52:20
146            android:name="androidx.profileinstaller.ProfileInstallReceiver"
146-->[androidx.profileinstaller:profileinstaller:1.3.0] AndroidManifest.xml:35:13-76
147            android:directBootAware="false"
147-->[androidx.profileinstaller:profileinstaller:1.3.0] AndroidManifest.xml:36:13-44
148            android:enabled="true"
148-->[androidx.profileinstaller:profileinstaller:1.3.0] AndroidManifest.xml:37:13-35
149            android:exported="true"
149-->[androidx.profileinstaller:profileinstaller:1.3.0] AndroidManifest.xml:38:13-36
150            android:permission="android.permission.DUMP" >
150-->[androidx.profileinstaller:profileinstaller:1.3.0] AndroidManifest.xml:39:13-57
151            <intent-filter>
151-->[androidx.profileinstaller:profileinstaller:1.3.0] AndroidManifest.xml:40:13-42:29
152                <action android:name="androidx.profileinstaller.action.INSTALL_PROFILE" />
152-->[androidx.profileinstaller:profileinstaller:1.3.0] AndroidManifest.xml:41:17-91
152-->[androidx.profileinstaller:profileinstaller:1.3.0] AndroidManifest.xml:41:25-88
153            </intent-filter>
154            <intent-filter>
154-->[androidx.profileinstaller:profileinstaller:1.3.0] AndroidManifest.xml:43:13-45:29
155                <action android:name="androidx.profileinstaller.action.SKIP_FILE" />
155-->[androidx.profileinstaller:profileinstaller:1.3.0] AndroidManifest.xml:44:17-85
155-->[androidx.profileinstaller:profileinstaller:1.3.0] AndroidManifest.xml:44:25-82
156            </intent-filter>
157            <intent-filter>
157-->[androidx.profileinstaller:profileinstaller:1.3.0] AndroidManifest.xml:46:13-48:29
158                <action android:name="androidx.profileinstaller.action.SAVE_PROFILE" />
158-->[androidx.profileinstaller:profileinstaller:1.3.0] AndroidManifest.xml:47:17-88
158-->[androidx.profileinstaller:profileinstaller:1.3.0] AndroidManifest.xml:47:25-85
159            </intent-filter>
160            <intent-filter>
160-->[androidx.profileinstaller:profileinstaller:1.3.0] AndroidManifest.xml:49:13-51:29
161                <action android:name="androidx.profileinstaller.action.BENCHMARK_OPERATION" />
161-->[androidx.profileinstaller:profileinstaller:1.3.0] AndroidManifest.xml:50:17-95
161-->[androidx.profileinstaller:profileinstaller:1.3.0] AndroidManifest.xml:50:25-92
162            </intent-filter>
163        </receiver>
164    </application>
165
166</manifest>